Determining if the pthread_create exist failed with the following output:
Change Dir: /home/shilei/桌面/AutoDrive10-23/cmake-build-debug/CMakeFiles/CMakeTmp

Run Build Command:"/usr/bin/make" "cmTC_832f9/fast"
/usr/bin/make -f CMakeFiles/cmTC_832f9.dir/build.make CMakeFiles/cmTC_832f9.dir/build
make[1]: Entering directory '/home/shilei/桌面/AutoDrive10-23/cmake-build-debug/CMakeFiles/CMakeTmp'
Building C object CMakeFiles/cmTC_832f9.dir/CheckSymbolExists.c.o
/usr/bin/cc    -o CMakeFiles/cmTC_832f9.dir/CheckSymbolExists.c.o   -c /home/shilei/桌面/AutoDrive10-23/cmake-build-debug/CMakeFiles/CMakeTmp/CheckSymbolExists.c
Linking C executable cmTC_832f9
/home/shilei/下载/clion-2018.1.5/bin/cmake/bin/cmake -E cmake_link_script CMakeFiles/cmTC_832f9.dir/link.txt --verbose=1
/usr/bin/cc      CMakeFiles/cmTC_832f9.dir/CheckSymbolExists.c.o  -o cmTC_832f9 
CMakeFiles/cmTC_832f9.dir/CheckSymbolExists.c.o：在函数‘main’中：
CheckSymbolExists.c:(.text+0x16)：对‘pthread_create’未定义的引用
collect2: error: ld returned 1 exit status
CMakeFiles/cmTC_832f9.dir/build.make:97: recipe for target 'cmTC_832f9' failed
make[1]: *** [cmTC_832f9] Error 1
make[1]: Leaving directory '/home/shilei/桌面/AutoDrive10-23/cmake-build-debug/CMakeFiles/CMakeTmp'
Makefile:126: recipe for target 'cmTC_832f9/fast' failed
make: *** [cmTC_832f9/fast] Error 2

File /home/shilei/桌面/AutoDrive10-23/cmake-build-debug/CMakeFiles/CMakeTmp/CheckSymbolExists.c:
/* */
#include <pthread.h>

int main(int argc, char** argv)
{
  (void)argv;
#ifndef pthread_create
  return ((int*)(&pthread_create))[argc];
#else
  (void)argc;
  return 0;
#endif
}

Determining if the function pthread_create exists in the pthreads failed with the following output:
Change Dir: /home/shilei/桌面/AutoDrive10-23/cmake-build-debug/CMakeFiles/CMakeTmp

Run Build Command:"/usr/bin/make" "cmTC_ff3ca/fast"
/usr/bin/make -f CMakeFiles/cmTC_ff3ca.dir/build.make CMakeFiles/cmTC_ff3ca.dir/build
make[1]: Entering directory '/home/shilei/桌面/AutoDrive10-23/cmake-build-debug/CMakeFiles/CMakeTmp'
Building C object CMakeFiles/cmTC_ff3ca.dir/CheckFunctionExists.c.o
/usr/bin/cc   -DCHECK_FUNCTION_EXISTS=pthread_create   -o CMakeFiles/cmTC_ff3ca.dir/CheckFunctionExists.c.o   -c /home/shilei/下载/clion-2018.1.5/bin/cmake/share/cmake-3.10/Modules/CheckFunctionExists.c
Linking C executable cmTC_ff3ca
/home/shilei/下载/clion-2018.1.5/bin/cmake/bin/cmake -E cmake_link_script CMakeFiles/cmTC_ff3ca.dir/link.txt --verbose=1
/usr/bin/cc  -DCHECK_FUNCTION_EXISTS=pthread_create    CMakeFiles/cmTC_ff3ca.dir/CheckFunctionExists.c.o  -o cmTC_ff3ca -lpthreads 
/usr/bin/ld: 找不到 -lpthreads
collect2: error: ld returned 1 exit status
CMakeFiles/cmTC_ff3ca.dir/build.make:97: recipe for target 'cmTC_ff3ca' failed
make[1]: *** [cmTC_ff3ca] Error 1
make[1]: Leaving directory '/home/shilei/桌面/AutoDrive10-23/cmake-build-debug/CMakeFiles/CMakeTmp'
Makefile:126: recipe for target 'cmTC_ff3ca/fast' failed
make: *** [cmTC_ff3ca/fast] Error 2


